-------------------------------------------------------------------------------
Test set: com.example.auth.controller.AuthenticationControllerTest
-------------------------------------------------------------------------------
Tests run: 3, Failures: 1, Errors: 0, Skipped: 0, Time elapsed: 3.207 s <<< FAILURE! - in com.example.auth.controller.AuthenticationControllerTest
testAuthenticateSuccess  Time elapsed: 0.171 s  <<< FAILURE!
java.lang.AssertionError: Status expected:<200> but was:<401>
	at com.example.auth.controller.AuthenticationControllerTest.testAuthenticateSuccess(AuthenticationControllerTest.java:38)

